<?xml version="1.0" encoding="utf-8"?><testsuites name="pytest tests"><testsuite name="pytest" errors="0" failures="0" skipped="0" tests="29" time="198.837" timestamp="2026-08-28T17:43:31.250053+02:00" hostname="stefan-laptop"><testcase classname="tests.test_buoyancy" name="test_buoyancy_feasible" time="52.103" /><testcase classname="tests.test_buoyancy" name="test_preflight_passes" time="1.101" /><testcase classname="tests.test_config" name="test_wall_thick_enough" time="0.001" /><testcase classname="tests.test_config" name="test_clearances_positive" time="0.001" /><testcase classname="tests.test_config" name="test_mechanical_library_interfaces" time="0.001" /><testcase classname="tests.test_config" name="test_layout_chain" time="0.001" /><testcase classname="tests.test_config" name="test_bore_fits_piston" time="0.001" /><testcase classname="tests.test_config" name="test_fish_features_are_printable" time="0.001" /><testcase classname="tests.test_geometry" name="test_all_parts_present" time="0.001" /><testcase classname="tests.test_geometry" name="test_positive_volumes" time="0.714" /><testcase classname="tests.test_geometry" name="test_hull_parts_watertight" time="40.962" /><testcase classname="tests.test_geometry" name="test_no_unintended_contact" time="7.939" /><testcase classname="tests.test_geometry" name="test_drive_parts_engage" time="0.001" /><testcase classname="tests.test_geometry" name="test_bed_fit" time="0.009" /><testcase classname="tests.test_geometry" name="test_freeform_envelope_expands_visible_silhouette" time="0.013" /><testcase classname="tests.test_geometry" name="test_freeform_and_crest_parameter_sweep_valid" time="22.627" /><testcase classname="tests.test_geometry" name="test_tail_blade_preserves_drive_area" time="0.024" /><testcase classname="tests.test_geometry" name="test_tail_full_sweep_clears_capsule" time="3.536" /><testcase classname="tests.test_mechanism" name="test_sweep_in_band" time="0.001" /><testcase classname="tests.test_mechanism" name="test_slot_covers_crank" time="0.001" /><testcase classname="tests.test_mechanism" name="test_no_problems" time="0.001" /><testcase classname="tests.test_surfacing" name="test_profile_stays_outside_immutable_core" time="0.004" /><testcase classname="tests.test_surfacing" name="test_natural_cubic_guides_are_c2_at_internal_knots" time="0.002" /><testcase classname="tests.test_surfacing" name="test_neutral_region_boundaries_match" time="0.001" /><testcase classname="tests.test_threads" name="test_thread_engagement_zero_interference" time="12.983" /><testcase classname="tests.test_threads" name="test_thread_cutter_removes_material" time="1.349" /><testcase classname="tests.test_watermark" name="test_watermark_identity_and_selector_match" time="0.001" /><testcase classname="tests.test_watermark" name="test_watermark_cutter_fits_safe_keel_region" time="4.625" /><testcase classname="tests.test_watermark" name="test_finished_capsule_has_recess_without_bed_datum_change" time="49.211" /></testsuite></testsuites>